26-Mar-2026 10:43:22.518 INFORMAÇÕES [main] org.apache.catalina.startup.VersionLoggerListener.log Server version name:   Apache Tomcat/10.1.53
26-Mar-2026 10:43:22.523 INFORMAÇÕES [main] org.apache.catalina.startup.VersionLoggerListener.log Server built:          Mar 18 2026 13:50:42 UTC
26-Mar-2026 10:43:22.523 INFORMAÇÕES [main] org.apache.catalina.startup.VersionLoggerListener.log Server version number: 10.1.53.0
26-Mar-2026 10:43:22.523 INFORMAÇÕES [main] org.apache.catalina.startup.VersionLoggerListener.log OS Name:               Windows 11
26-Mar-2026 10:43:22.523 INFORMAÇÕES [main] org.apache.catalina.startup.VersionLoggerListener.log OS Version:            10.0
26-Mar-2026 10:43:22.523 INFORMAÇÕES [main] org.apache.catalina.startup.VersionLoggerListener.log Architecture:          amd64
26-Mar-2026 10:43:22.523 INFORMAÇÕES [main] org.apache.catalina.startup.VersionLoggerListener.log Java Home:             C:\Users\otavi\.jdks\corretto-11.0.23
26-Mar-2026 10:43:22.523 INFORMAÇÕES [main] org.apache.catalina.startup.VersionLoggerListener.log JVM Version:           11.0.23+9-LTS
26-Mar-2026 10:43:22.523 INFORMAÇÕES [main] org.apache.catalina.startup.VersionLoggerListener.log JVM Vendor:            Amazon.com Inc.
26-Mar-2026 10:43:22.524 INFORMAÇÕES [main] org.apache.catalina.startup.VersionLoggerListener.log CATALINA_BASE:         C:\Users\otavi\OneDrive\Área de Trabalho\Portfolio - Otávio\Java-Web-Servlets\car-configurator
26-Mar-2026 10:43:22.524 INFORMAÇÕES [main] org.apache.catalina.startup.VersionLoggerListener.log CATALINA_HOME:         C:\Tomcat10\apache-tomcat-10.1.53
26-Mar-2026 10:43:22.537 INFORMAÇÕES [main] org.apache.catalina.startup.VersionLoggerListener.log Command line argument: --add-opens=java.base/java.lang=ALL-UNNAMED
26-Mar-2026 10:43:22.537 INFORMAÇÕES [main] org.apache.catalina.startup.VersionLoggerListener.log Command line argument: --add-opens=java.base/java.io=ALL-UNNAMED
26-Mar-2026 10:43:22.537 INFORMAÇÕES [main] org.apache.catalina.startup.VersionLoggerListener.log Command line argument: --add-opens=java.base/java.util=ALL-UNNAMED
26-Mar-2026 10:43:22.537 INFORMAÇÕES [main] org.apache.catalina.startup.VersionLoggerListener.log Command line argument: --add-opens=java.base/java.util.concurrent=ALL-UNNAMED
26-Mar-2026 10:43:22.537 INFORMAÇÕES [main] org.apache.catalina.startup.VersionLoggerListener.log Command line argument: --add-opens=java.rmi/sun.rmi.transport=ALL-UNNAMED
26-Mar-2026 10:43:22.537 INFORMAÇÕES [main] org.apache.catalina.startup.VersionLoggerListener.log Command line argument: -Dcatalina.home=C:\Tomcat10\apache-tomcat-10.1.53
26-Mar-2026 10:43:22.537 INFORMAÇÕES [main] org.apache.catalina.startup.VersionLoggerListener.log Command line argument: -Dcatalina.base=C:\Users\otavi\OneDrive\Área de Trabalho\Portfolio - Otávio\Java-Web-Servlets\car-configurator
26-Mar-2026 10:43:22.537 INFORMAÇÕES [main] org.apache.catalina.startup.VersionLoggerListener.log Command line argument: -Djava.io.tmpdir=C:\Users\otavi\OneDrive\Área de Trabalho\Portfolio - Otávio\Java-Web-Servlets\car-configurator\temp
26-Mar-2026 10:43:22.538 INFORMAÇÕES [main] org.apache.catalina.startup.VersionLoggerListener.log Command line argument: -Djava.util.logging.config.file=C:\Users\otavi\OneDrive\Área de Trabalho\Portfolio - Otávio\Java-Web-Servlets\car-configurator\conf\logging.properties
26-Mar-2026 10:43:22.538 INFORMAÇÕES [main] org.apache.catalina.startup.VersionLoggerListener.log Command line argument: -Djava.util.logging.manager=org.apache.juli.ClassLoaderLogManager
26-Mar-2026 10:43:22.538 INFORMAÇÕES [main] org.apache.catalina.startup.VersionLoggerListener.log Command line argument: -javaagent:C:\Program Files\JetBrains\IntelliJ IDEA Community Edition 2024.1.1\lib\idea_rt.jar=62781:C:\Program Files\JetBrains\IntelliJ IDEA Community Edition 2024.1.1\bin
26-Mar-2026 10:43:22.538 INFORMAÇÕES [main] org.apache.catalina.startup.VersionLoggerListener.log Command line argument: -Dfile.encoding=UTF-8
26-Mar-2026 10:43:22.543 INFORMAÇÕES [main] org.apache.catalina.core.AprLifecycleListener.lifecycleEvent The Apache Tomcat Native library which allows using OpenSSL was not found on the java.library.path: [C:\Users\otavi\.jdks\corretto-11.0.23\bin;C:\WINDOWS\Sun\Java\bin;C:\WINDOWS\system32;C:\WINDOWS;C:\Program Files\Common Files\Oracle\Java\javapath;C:\WINDOWS\system32;C:\WINDOWS;C:\WINDOWS\System32\Wbem;C:\WINDOWS\System32\WindowsPowerShell\v1.0\;C:\WINDOWS\System32\OpenSSH\;C:\Program Files\dotnet\;C:\Program Files\nodejs\;C:\Program Files\Git\cmd;C:\Users\otavi\Apache-Maven\apache-maven-3.9.9\bin;C:\Program Files\Java\jdk-17\bin;C:\Users\otavi\sqlite;C:\Users\otavi\AppData\Local\Programs\Python\Python313\Scripts\;C:\Users\otavi\AppData\Local\Programs\Python\Python313\;C:\Users\otavi\AppData\Local\Programs\Python\Launcher\;C:\Program Files\dotnet\;C:\Users\otavi\AppData\Local\Programs\Microsoft VS Code\bin;C:\Users\otavi\.dotnet\tools;C:\Users\otavi\AppData\Roaming\npm;C:\Users\otavi\AppData\Local\Google\Cloud SDK\google-cloud-sdk\bin;C:\Users\otavi\AppData\Local\Microsoft\WindowsApps;C:\Users\otavi\AppData\Local\Programs\Microsoft VS Code\bin;;.]
26-Mar-2026 10:43:22.811 INFORMAÇÕES [main] org.apache.coyote.AbstractProtocol.init Initializing ProtocolHandler ["http-nio-8080"]
26-Mar-2026 10:43:22.834 INFORMAÇÕES [main] org.apache.catalina.startup.Catalina.load Server initialization in [546] milliseconds
26-Mar-2026 10:43:22.904 INFORMAÇÕES [main] org.apache.catalina.core.StandardService.startInternal Starting service [Catalina]
26-Mar-2026 10:43:22.904 INFORMAÇÕES [main] org.apache.catalina.core.StandardEngine.startInternal Starting Servlet engine: [Apache Tomcat/10.1.53]
26-Mar-2026 10:43:22.930 INFORMAÇÕES [main] org.apache.catalina.startup.HostConfig.deployDescriptor Deploying deployment descriptor [C:\Users\otavi\OneDrive\Área de Trabalho\Portfolio - Otávio\Java-Web-Servlets\car-configurator\conf\Catalina\localhost\ROOT.xml]
26-Mar-2026 10:43:23.043 ADVERTÊNCIA [main] org.apache.catalina.webresources.DirResourceSet.initInternal Disabled the global canonical file name cache to protect against CVE-2024-56337 when starting the WebResourceSet at [C:\Users\otavi\OneDrive\Área de Trabalho\Portfolio - Otávio\Java-Web-Servlets\car-configurator\target\classes] which is part of the web application []
26-Mar-2026 10:43:23.559 INFORMAÇÕES [main] org.apache.jasper.servlet.TldScanner.scanJars At least one JAR was scanned for TLDs yet contained no TLDs. Enable debug logging for this logger for a complete list of JARs that were scanned but no TLDs were found in them. Skipping unneeded JARs during scanning can improve startup time and JSP compilation time.
26-Mar-2026 10:43:23.741 ADVERTÊNCIA [main] org.apache.catalina.util.SessionIdGeneratorBase.createSecureRandom Creation of SecureRandom instance for session ID generation using [SHA1PRNG] took [160] milliseconds.
26-Mar-2026 10:43:23.762 INFORMAÇÕES [main] org.apache.catalina.startup.HostConfig.deployDescriptor Deployment of deployment descriptor [C:\Users\otavi\OneDrive\Área de Trabalho\Portfolio - Otávio\Java-Web-Servlets\car-configurator\conf\Catalina\localhost\ROOT.xml] has finished in [832] ms
26-Mar-2026 10:43:23.767 INFORMAÇÕES [main] org.apache.coyote.AbstractProtocol.start Starting ProtocolHandler ["http-nio-8080"]
26-Mar-2026 10:43:23.952 INFORMAÇÕES [main] org.apache.catalina.startup.Catalina.start Server startup in [1117] milliseconds
26-Mar-2026 10:43:40.802 INFORMAÇÕES [Thread-1] org.apache.coyote.AbstractProtocol.pause Pausing ProtocolHandler ["http-nio-8080"]
26-Mar-2026 10:43:40.968 INFORMAÇÕES [Thread-1] org.apache.catalina.core.StandardService.stopInternal Stopping service [Catalina]
26-Mar-2026 10:43:40.981 INFORMAÇÕES [Thread-1] org.apache.coyote.AbstractProtocol.stop Stopping ProtocolHandler ["http-nio-8080"]
26-Mar-2026 10:43:40.994 INFORMAÇÕES [Thread-1] org.apache.coyote.AbstractProtocol.destroy Destroying ProtocolHandler ["http-nio-8080"]
